<?xml version="1.0" encoding="UTF-8"?>
<testsuite xmlns:xsi="http://www.w3.org/2001/XMLSchema-instance" xsi:noNamespaceSchemaLocation="https://maven.apache.org/surefire/maven-surefire-plugin/xsd/surefire-test-report.xsd" name="com.viasat.ksqlstudio.AppTest" time="0.39" tests="4" errors="4" skipped="0" failures="0">
  <properties>
[...]
</properties>
  <testcase name="testCreateStream" classname="com.viasat.ksqlstudio.AppTest" time="0.266">
    <error message="invalid URI scheme localhost" type="java.lang.IllegalArgumentException">java.lang.IllegalArgumentException: invalid URI scheme localhost
	at com.viasat.ksqlstudio.AppTest.testCreateStream(AppTest.java:56)
</error>
  </testcase>
  <testcase name="testLists" classname="com.viasat.ksqlstudio.AppTest" time="0.071">
    <error message="Connection refused" type="java.net.ConnectException">java.net.ConnectException: Connection refused
	at com.viasat.ksqlstudio.AppTest.testLists(AppTest.java:27)
Caused by: java.net.ConnectException: Connection refused
</error>
  </testcase>
  <testcase name="testQuery" classname="com.viasat.ksqlstudio.AppTest" time="0.006">
    <error message="invalid URI scheme localhost" type="java.lang.IllegalArgumentException">java.lang.IllegalArgumentException: invalid URI scheme localhost
	at com.viasat.ksqlstudio.AppTest.testQuery(AppTest.java:69)
</error>
  </testcase>
  <testcase name="testDropStream" classname="com.viasat.ksqlstudio.AppTest" time="0.008">
    <error message="invalid URI scheme localhost" type="java.lang.IllegalArgumentException">java.lang.IllegalArgumentException: invalid URI scheme localhost
	at com.viasat.ksqlstudio.AppTest.testDropStream(AppTest.java:49)
</error>
  </testcase>
</testsuite>